[02:23:15] [Server thread/INFO]: Starting minecraft server version 1.7.10
[02:23:21] [Server thread/INFO]: Loading properties
[02:23:21] [Server thread/INFO]: Default game type: SURVIVAL
[02:23:21] [Server thread/INFO]: Generating keypair
[02:23:21] [Server thread/INFO]: Starting Minecraft server on *:25565
[02:23:21] [Server thread/WARN]: **** SERVER IS RUNNING IN OFFLINE/INSECURE MODE!
[02:23:21] [Server thread/WARN]: The server will make no attempt to authenticate usernames. Beware.
[02:23:21] [Server thread/WARN]: While this makes the game possible to play without internet access, it also opens up the ability for hackers to connect with any username they choose.
[02:23:21] [Server thread/WARN]: To change this, set "online-mode" to "true" in the server.properties file.
[02:23:22] [Server thread/INFO]: Preparing level "world"
[02:23:27] [Server thread/INFO]: Preparing start region for level 0
[02:23:28] [Server thread/INFO]: Done (5.734s)! For help, type "help" or "?"
[02:26:23] [Server thread/INFO]: Sakuy_Ish[/127.249.136.196:43413] logged in with entity id 2745 at (-158.48122857605352, 75.0, 1.1079470176919135)
[02:26:23] [Server thread/INFO]: Sakuy_Ish joined the game
[02:28:34] [Server thread/INFO]: Opped Sakuy_Ish
[02:28:40] [Server thread/INFO]: [Sakuy_Ish: Set own game mode to Creative Mode]
[02:29:16] [Server thread/INFO]: P3lus1ta[/127.248.35.86:43925] logged in with entity id 5848 at (-242.5, 64.0, 23.5)
[02:29:16] [Server thread/INFO]: P3lus1ta joined the game
[02:29:25] [Server thread/INFO]: <Sakuy_Ish> waaaaaaaaa
[02:29:33] [Server thread/INFO]: [Sakuy_Ish: Teleported Sakuy_Ish to P3lus1ta]
[02:29:43] [Server thread/INFO]: <Sakuy_Ish> te va bien
[02:30:20] [Server thread/INFO]: Sakuy_Ish has just earned the achievement [Learning to Tinker]
[02:30:24] [Server thread/INFO]: Sakuy_Ish has just earned the achievement [Taking Inventory]
[02:30:40] [Server thread/INFO]: <Sakuy_Ish> como se hace
[02:30:47] [Server thread/INFO]: <Sakuy_Ish> enseñame
[02:31:41] [Server thread/INFO]: [Sakuy_Ish: Opped P3lus1ta]
[02:32:07] [Server thread/INFO]: [Sakuy_Ish: Set P3lus1ta's game mode to Creative Mode]
[02:32:50] [Server thread/INFO]: <Sakuy_Ish> yapooooo
